#
# There is insufficient memory for the Java Runtime Environment to continue.
# Native memory allocation (malloc) failed to allocate 726256 bytes. Error detail: Chunk::new
# Possible reasons:
#   The system is out of physical RAM or swap space
#   This process is running with CompressedOops enabled, and the Java Heap may be blocking the growth of the native heap
# Possible solutions:
#   Reduce memory load on the system
#   Increase physical memory or swap space
#   Check if swap backing store is full
#   Decrease Java heap size (-Xmx/-Xms)
#   Decrease number of Java threads
#   Decrease Java thread stack sizes (-Xss)
#   Set larger code cache with -XX:ReservedCodeCacheSize=
#   JVM is running with Zero Based Compressed Oops mode in which the Java heap is
#     placed in the first 32GB address space. The Java Heap base address is the
#     maximum limit for the native heap growth. Please use -XX:HeapBaseMinAddress
#     to set the Java Heap base and to place the Java Heap above 32GB virtual address.
# This output file may be truncated or incomplete.
#
#  Out of Memory Error (arena.cpp:191), pid=23488, tid=1900
#
# JRE version: OpenJDK Runtime Environment JBR-17.0.14+1-1367.22-nomod (17.0.14+1) (build 17.0.14+1-b1367.22)
# Java VM: OpenJDK 64-Bit Server VM JBR-17.0.14+1-1367.22-nomod (17.0.14+1-b1367.22, mixed mode, sharing, tiered, compressed oops, compressed class ptrs, g1 gc, windows-amd64)
# No core dump will be written. Minidumps are not enabled by default on client versions of Windows
#

---------------  S U M M A R Y ------------

Command Line: -agentlib:jdwp=transport=dt_socket,address=127.0.0.1:1411,suspend=y,server=n -javaagent:G:/.gradle/caches/modules-2/files-2.1/org.jetbrains.kotlinx/kotlinx-coroutines-core-jvm/1.7.3/2b09627576f0989a436a00a4a54b55fa5026fb86/kotlinx-coroutines-core-jvm-1.7.3.jar -javaagent:C:\Users\f2561\AppData\Local\JetBrains\IntelliJIdea2024.1\captureAgent\debugger-agent.jar=file:/C:/Users/f2561/AppData/Local/Temp/capture.props -Dfile.encoding=UTF-8 top.r3944realms.ltdmanager.MainKt

Host: 13th Gen Intel(R) Core(TM) i5-13500H, 16 cores, 15G,  Windows 11 , 64 bit Build 22621 (10.0.22621.5415)
Time: Tue Sep  2 22:13:56 2025  Windows 11 , 64 bit Build 22621 (10.0.22621.5415) elapsed time: 1.081247 seconds (0d 0h 0m 1s)

---------------  T H R E A D  ---------------

Current thread (0x00000261568c8d40):  JavaThread "C2 CompilerThread0" daemon [_thread_in_native, id=1900, stack(0x000000bc36000000,0x000000bc36100000)]


Current CompileTask:
C2:   1081 1842       4       jdk.internal.loader.URLClassPath::getResource (74 bytes)

Stack: [0x000000bc36000000,0x000000bc36100000]
Native frames: (J=compiled Java code, j=interpreted, Vv=VM code, C=native code)
V  [jvm.dll+0x68b969]
V  [jvm.dll+0x84572a]
V  [jvm.dll+0x8473ae]
V  [jvm.dll+0x847a13]
V  [jvm.dll+0x24a83f]
V  [jvm.dll+0xaca04]
V  [jvm.dll+0xad04c]
V  [jvm.dll+0x36af12]
V  [jvm.dll+0x3352ca]
V  [jvm.dll+0x33476a]
V  [jvm.dll+0x21c231]
V  [jvm.dll+0x21b671]
V  [jvm.dll+0x1a6acd]
V  [jvm.dll+0x22b58e]
V  [jvm.dll+0x2296d5]
V  [jvm.dll+0x7f9637]
V  [jvm.dll+0x7f3a1c]
V  [jvm.dll+0x68a7c7]
C  [ucrtbase.dll+0x29333]
C  [KERNEL32.DLL+0x1259d]
C  [ntdll.dll+0x5af78]


---------------  P R O C E S S  ---------------

Threads class SMR info:
_java_thread_list=0x0000026198ca8c40, length=24, elements={
0x00000261359764a0, 0x00000261568a7730, 0x00000261568a85b0, 0x00000261568bd0d0,
0x00000261568c00b0, 0x00000261568c3290, 0x00000261568c41b0, 0x00000261568c8d40,
0x00000261568ca010, 0x00000261568cce30, 0x00000261568c5b00, 0x0000026198178850,
0x0000026198179770, 0x0000026198179d40, 0x0000026198196580, 0x00000261982bc8a0,
0x00000261982b9660, 0x000002619826af10, 0x0000026198333b00, 0x00000261568c6f40,
0x00000261568c6a30, 0x00000261568c50e0, 0x00000261568c55f0, 0x00000261568c7450
}

Java Threads: ( => current thread )
  0x00000261359764a0 JavaThread "main" [_thread_in_vm, id=10288, stack(0x000000bc35300000,0x000000bc35400000)]
  0x00000261568a7730 JavaThread "Reference Handler" daemon [_thread_blocked, id=4428, stack(0x000000bc35a00000,0x000000bc35b00000)]
  0x00000261568a85b0 JavaThread "Finalizer" daemon [_thread_blocked, id=18132, stack(0x000000bc35b00000,0x000000bc35c00000)]
  0x00000261568bd0d0 JavaThread "Signal Dispatcher" daemon [_thread_blocked, id=22500, stack(0x000000bc35c00000,0x000000bc35d00000)]
  0x00000261568c00b0 JavaThread "Attach Listener" daemon [_thread_blocked, id=9732, stack(0x000000bc35d00000,0x000000bc35e00000)]
  0x00000261568c3290 JavaThread "Service Thread" daemon [_thread_blocked, id=1904, stack(0x000000bc35e00000,0x000000bc35f00000)]
  0x00000261568c41b0 JavaThread "Monitor Deflation Thread" daemon [_thread_blocked, id=25208, stack(0x000000bc35f00000,0x000000bc36000000)]
=>0x00000261568c8d40 JavaThread "C2 CompilerThread0" daemon [_thread_in_native, id=1900, stack(0x000000bc36000000,0x000000bc36100000)]
  0x00000261568ca010 JavaThread "C1 CompilerThread0" daemon [_thread_blocked, id=19400, stack(0x000000bc36100000,0x000000bc36200000)]
  0x00000261568cce30 JavaThread "Sweeper thread" daemon [_thread_blocked, id=5700, stack(0x000000bc36200000,0x000000bc36300000)]
  0x00000261568c5b00 JavaThread "Common-Cleaner" daemon [_thread_blocked, id=5340, stack(0x000000bc36300000,0x000000bc36400000)]
  0x0000026198178850 JavaThread "C1 CompilerThread1" daemon [_thread_blocked, id=26120, stack(0x000000bc36400000,0x000000bc36500000)]
  0x0000026198179770 JavaThread "C1 CompilerThread2" daemon [_thread_blocked, id=24848, stack(0x000000bc36500000,0x000000bc36600000)]
  0x0000026198179d40 JavaThread "C1 CompilerThread3" daemon [_thread_blocked, id=4568, stack(0x000000bc36600000,0x000000bc36700000)]
  0x0000026198196580 JavaThread "C2 CompilerThread1" daemon [_thread_in_native, id=23468, stack(0x000000bc36700000,0x000000bc36800000)]
  0x00000261982bc8a0 JavaThread "JDWP Transport Listener: dt_socket" daemon [_thread_blocked, id=21700, stack(0x000000bc36800000,0x000000bc36900000)]
  0x00000261982b9660 JavaThread "JDWP Event Helper Thread" daemon [_thread_blocked, id=26084, stack(0x000000bc36900000,0x000000bc36a00000)]
  0x000002619826af10 JavaThread "JDWP Command Reader" daemon [_thread_in_native, id=11052, stack(0x000000bc36a00000,0x000000bc36b00000)]
  0x0000026198333b00 JavaThread "C2 CompilerThread2" daemon [_thread_in_native, id=26432, stack(0x000000bc36b00000,0x000000bc36c00000)]
  0x00000261568c6f40 JavaThread "Coroutines Debugger Cleaner" daemon [_thread_blocked, id=25072, stack(0x000000bc36c00000,0x000000bc36d00000)]
  0x00000261568c6a30 JavaThread "Notification Thread" daemon [_thread_blocked, id=22412, stack(0x000000bc36d00000,0x000000bc36e00000)]
  0x00000261568c50e0 JavaThread "DefaultDispatcher-worker-1" daemon [_thread_blocked, id=24504, stack(0x000000bc37800000,0x000000bc37900000)]
  0x00000261568c55f0 JavaThread "DefaultDispatcher-worker-2" daemon [_thread_blocked, id=15368, stack(0x000000bc37900000,0x000000bc37a00000)]
  0x00000261568c7450 JavaThread "DefaultDispatcher-worker-3" daemon [_thread_blocked, id=8364, stack(0x000000bc37a00000,0x000000bc37b00000)]

Other Threads:
  0x00000261568a2070 VMThread "VM Thread" [stack: 0x000000bc35900000,0x000000bc35a00000] [id=25812]
  0x0000026198267ce0 WatcherThread [stack: 0x000000bc36e00000,0x000000bc36f00000] [id=2912]
  0x00000261359e4630 GCTaskThread "GC Thread#0" [stack: 0x000000bc35400000,0x000000bc35500000] [id=25000]
  0x0000026198c03420 GCTaskThread "GC Thread#1" [stack: 0x000000bc36f00000,0x000000bc37000000] [id=15776]
  0x0000026198c1b660 GCTaskThread "GC Thread#2" [stack: 0x000000bc37000000,0x000000bc37100000] [id=12816]
  0x0000026198bf8760 GCTaskThread "GC Thread#3" [stack: 0x000000bc37100000,0x000000bc37200000] [id=18068]
  0x0000026198bf8a20 GCTaskThread "GC Thread#4" [stack: 0x000000bc37200000,0x000000bc37300000] [id=1156]
  0x0000026198c3f1e0 GCTaskThread "GC Thread#5" [stack: 0x000000bc37300000,0x000000bc37400000] [id=5148]
  0x0000026198c3ca30 GCTaskThread "GC Thread#6" [stack: 0x000000bc37400000,0x000000bc37500000] [id=13016]
  0x0000026198c3ccf0 GCTaskThread "GC Thread#7" [stack: 0x000000bc37500000,0x000000bc37600000] [id=15252]
  0x0000026198c3cfb0 GCTaskThread "GC Thread#8" [stack: 0x000000bc37600000,0x000000bc37700000] [id=22624]
  0x0000026198c3d270 GCTaskThread "GC Thread#9" [stack: 0x000000bc37700000,0x000000bc37800000] [id=15008]
  0x000002619d7b1480 GCTaskThread "GC Thread#10" [stack: 0x000000bc37b00000,0x000000bc37c00000] [id=8548]
  0x0000026198c355f0 GCTaskThread "GC Thread#11" [stack: 0x000000bc37c00000,0x000000bc37d00000] [id=4788]
  0x0000026198c79650 GCTaskThread "GC Thread#12" [stack: 0x000000bc37d00000,0x000000bc37e00000] [id=26072]
  0x00000261359f5750 ConcurrentGCThread "G1 Main Marker" [stack: 0x000000bc35500000,0x000000bc35600000] [id=6516]
  0x00000261359f6170 ConcurrentGCThread "G1 Conc#0" [stack: 0x000000bc35600000,0x000000bc35700000] [id=26504]
  0x0000026135a1e6b0 ConcurrentGCThread "G1 Refine#0" [stack: 0x000000bc35700000,0x000000bc35800000] [id=15324]
  0x00000261567e0290 ConcurrentGCThread "G1 Service" [stack: 0x000000bc35800000,0x000000bc35900000] [id=18192]

Threads with active compile tasks:
C2 CompilerThread0     1162 1842       4       jdk.internal.loader.URLClassPath::getResource (74 bytes)
C2 CompilerThread1     1162 1705       4       jdk.internal.org.objectweb.asm.Frame::execute (2305 bytes)
C2 CompilerThread2     1162 1854       4       java.net.URLStreamHandler::parseURL (1201 bytes)

VM state: not at safepoint (normal execution)

VM Mutex/Monitor currently owned by a thread:  ([mutex/lock_event])
[0x00000261359703f0] Metaspace_lock - owner thread: 0x00000261359764a0

Heap address: 0x0000000704400000, size: 4028 MB, Compressed Oops mode: Zero based, Oop shift amount: 3

CDS archive(s) mapped at: [0x0000026157000000-0x0000026157c00000-0x0000026157c00000), size 12582912, SharedBaseAddress: 0x0000026157000000, ArchiveRelocationMode: 1.
Compressed class space mapped at: 0x0000026158000000-0x0000026198000000, reserved size: 1073741824
Narrow klass base: 0x0000026157000000, Narrow klass shift: 0, Narrow klass range: 0x100000000

GC Precious Log:
 CPUs: 16 total, 16 available
 Memory: 16108M
 Large Page Support: Disabled
 NUMA Support: Disabled
 Compressed Oops: Enabled (Zero based)
 Heap Region Size: 2M
 Heap Min Capacity: 8M
 Heap Initial Capacity: 252M
 Heap Max Capacity: 4028M
 Pre-touch: Disabled
 Parallel Workers: 13
 Concurrent Workers: 3
 Concurrent Refinement Workers: 13
 Periodic GC: Disabled

Heap:
 garbage-first heap   total 258048K, used 25938K [0x0000000704400000, 0x0000000800000000)
  region size 2048K, 12 young (24576K), 1 survivors (2048K)
 Metaspace       used 16253K, committed 16448K, reserved 1114112K
  class space    used 1867K, committed 1984K, reserved 1048576K

Heap Regions: E=young(eden), S=young(survivor), O=old, HS=humongous(starts), HC=humongous(continues), CS=collection set, F=free, OA=open archive, CA=closed archive, TAMS=top-at-mark-start (previous, next)
|   0|0x0000000704400000, 0x0000000704600000, 0x0000000704600000|100%| O|  |TAMS 0x0000000704400000, 0x0000000704400000| Untracked 
|   1|0x0000000704600000, 0x0000000704754a08, 0x0000000704800000| 66%| O|  |TAMS 0x0000000704600000, 0x0000000704600000| Untracked 
|   2|0x0000000704800000, 0x0000000704800000, 0x0000000704a00000|  0%| F|  |TAMS 0x0000000704800000, 0x0000000704800000| Untracked 
|   3|0x0000000704a00000, 0x0000000704a00000, 0x0000000704c00000|  0%| F|  |TAMS 0x0000000704a00000, 0x0000000704a00000| Untracked 
|   4|0x0000000704c00000, 0x0000000704c00000, 0x0000000704e00000|  0%| F|  |TAMS 0x0000000704c00000, 0x0000000704c00000| Untracked 
|   5|0x0000000704e00000, 0x0000000704e00000, 0x0000000705000000|  0%| F|  |TAMS 0x0000000704e00000, 0x0000000704e00000| Untracked 
|   6|0x0000000705000000, 0x0000000705000000, 0x0000000705200000|  0%| F|  |TAMS 0x0000000705000000, 0x0000000705000000| Untracked 
|   7|0x0000000705200000, 0x0000000705200000, 0x0000000705400000|  0%| F|  |TAMS 0x0000000705200000, 0x0000000705200000| Untracked 
|   8|0x0000000705400000, 0x0000000705400000, 0x0000000705600000|  0%| F|  |TAMS 0x0000000705400000, 0x0000000705400000| Untracked 
|   9|0x0000000705600000, 0x0000000705600000, 0x0000000705800000|  0%| F|  |TAMS 0x0000000705600000, 0x0000000705600000| Untracked 
|  10|0x0000000705800000, 0x0000000705800000, 0x0000000705a00000|  0%| F|  |TAMS 0x0000000705800000, 0x0000000705800000| Untracked 
|  11|0x0000000705a00000, 0x0000000705a00000, 0x0000000705c00000|  0%| F|  |TAMS 0x0000000705a00000, 0x0000000705a00000| Untracked 
|  12|0x0000000705c00000, 0x0000000705c00000, 0x0000000705e00000|  0%| F|  |TAMS 0x0000000705c00000, 0x0000000705c00000| Untracked 
|  13|0x0000000705e00000, 0x0000000705e00000, 0x0000000706000000|  0%| F|  |TAMS 0x0000000705e00000, 0x0000000705e00000| Untracked 
|  14|0x0000000706000000, 0x0000000706000000, 0x0000000706200000|  0%| F|  |TAMS 0x0000000706000000, 0x0000000706000000| Untracked 
|  15|0x0000000706200000, 0x0000000706200000, 0x0000000706400000|  0%| F|  |TAMS 0x0000000706200000, 0x0000000706200000| Untracked 
|  16|0x0000000706400000, 0x0000000706400000, 0x0000000706600000|  0%| F|  |TAMS 0x0000000706400000, 0x0000000706400000| Untracked 
|  17|0x0000000706600000, 0x0000000706600000, 0x0000000706800000|  0%| F|  |TAMS 0x0000000706600000, 0x0000000706600000| Untracked 
|  18|0x0000000706800000, 0x0000000706800000, 0x0000000706a00000|  0%| F|  |TAMS 0x0000000706800000, 0x0000000706800000| Untracked 
|  19|0x0000000706a00000, 0x0000000706a00000, 0x0000000706c00000|  0%| F|  |TAMS 0x0000000706a00000, 0x0000000706a00000| Untracked 
|  20|0x0000000706c00000, 0x0000000706c00000, 0x0000000706e00000|  0%| F|  |TAMS 0x0000000706c00000, 0x0000000706c00000| Untracked 
|  21|0x0000000706e00000, 0x0000000706e00000, 0x0000000707000000|  0%| F|  |TAMS 0x0000000706e00000, 0x0000000706e00000| Untracked 
|  22|0x0000000707000000, 0x0000000707000000, 0x0000000707200000|  0%| F|  |TAMS 0x0000000707000000, 0x0000000707000000| Untracked 
|  23|0x0000000707200000, 0x0000000707200000, 0x0000000707400000|  0%| F|  |TAMS 0x0000000707200000, 0x0000000707200000| Untracked 
|  24|0x0000000707400000, 0x0000000707400000, 0x0000000707600000|  0%| F|  |TAMS 0x0000000707400000, 0x0000000707400000| Untracked 
|  25|0x0000000707600000, 0x0000000707600000, 0x0000000707800000|  0%| F|  |TAMS 0x0000000707600000, 0x0000000707600000| Untracked 
|  26|0x0000000707800000, 0x0000000707800000, 0x0000000707a00000|  0%| F|  |TAMS 0x0000000707800000, 0x0000000707800000| Untracked 
|  27|0x0000000707a00000, 0x0000000707a00000, 0x0000000707c00000|  0%| F|  |TAMS 0x0000000707a00000, 0x0000000707a00000| Untracked 
|  28|0x0000000707c00000, 0x0000000707c00000, 0x0000000707e00000|  0%| F|  |TAMS 0x0000000707c00000, 0x0000000707c00000| Untracked 
|  29|0x0000000707e00000, 0x0000000707e00000, 0x0000000708000000|  0%| F|  |TAMS 0x0000000707e00000, 0x0000000707e00000| Untracked 
|  30|0x0000000708000000, 0x0000000708000000, 0x0000000708200000|  0%| F|  |TAMS 0x0000000708000000, 0x0000000708000000| Untracked 
|  31|0x0000000708200000, 0x0000000708200000, 0x0000000708400000|  0%| F|  |TAMS 0x0000000708200000, 0x0000000708200000| Untracked 
|  32|0x0000000708400000, 0x0000000708400000, 0x0000000708600000|  0%| F|  |TAMS 0x0000000708400000, 0x0000000708400000| Untracked 
|  33|0x0000000708600000, 0x0000000708600000, 0x0000000708800000|  0%| F|  |TAMS 0x0000000708600000, 0x0000000708600000| Untracked 
|  34|0x0000000708800000, 0x0000000708800000, 0x0000000708a00000|  0%| F|  |TAMS 0x0000000708800000, 0x0000000708800000| Untracked 
|  35|0x0000000708a00000, 0x0000000708a00000, 0x0000000708c00000|  0%| F|  |TAMS 0x0000000708a00000, 0x0000000708a00000| Untracked 
|  36|0x0000000708c00000, 0x0000000708c00000, 0x0000000708e00000|  0%| F|  |TAMS 0x0000000708c00000, 0x0000000708c00000| Untracked 
|  37|0x0000000708e00000, 0x0000000708e00000, 0x0000000709000000|  0%| F|  |TAMS 0x0000000708e00000, 0x0000000708e00000| Untracked 
|  38|0x0000000709000000, 0x0000000709000000, 0x0000000709200000|  0%| F|  |TAMS 0x0000000709000000, 0x0000000709000000| Untracked 
|  39|0x0000000709200000, 0x0000000709200000, 0x0000000709400000|  0%| F|  |TAMS 0x0000000709200000, 0x0000000709200000| Untracked 
|  40|0x0000000709400000, 0x0000000709400000, 0x0000000709600000|  0%| F|  |TAMS 0x0000000709400000, 0x0000000709400000| Untracked 
|  41|0x0000000709600000, 0x0000000709600000, 0x0000000709800000|  0%| F|  |TAMS 0x0000000709600000, 0x0000000709600000| Untracked 
|  42|0x0000000709800000, 0x0000000709800000, 0x0000000709a00000|  0%| F|  |TAMS 0x0000000709800000, 0x0000000709800000| Untracked 
|  43|0x0000000709a00000, 0x0000000709a00000, 0x0000000709c00000|  0%| F|  |TAMS 0x0000000709a00000, 0x0000000709a00000| Untracked 
|  44|0x0000000709c00000, 0x0000000709c00000, 0x0000000709e00000|  0%| F|  |TAMS 0x0000000709c00000, 0x0000000709c00000| Untracked 
|  45|0x0000000709e00000, 0x0000000709e00000, 0x000000070a000000|  0%| F|  |TAMS 0x0000000709e00000, 0x0000000709e00000| Untracked 
|  46|0x000000070a000000, 0x000000070a000000, 0x000000070a200000|  0%| F|  |TAMS 0x000000070a000000, 0x000000070a000000| Untracked 
|  47|0x000000070a200000, 0x000000070a200000, 0x000000070a400000|  0%| F|  |TAMS 0x000000070a200000, 0x000000070a200000| Untracked 
|  48|0x000000070a400000, 0x000000070a400000, 0x000000070a600000|  0%| F|  |TAMS 0x000000070a400000, 0x000000070a400000| Untracked 
|  49|0x000000070a600000, 0x000000070a600000, 0x000000070a800000|  0%| F|  |TAMS 0x000000070a600000, 0x000000070a600000| Untracked 
|  50|0x000000070a800000, 0x000000070a800000, 0x000000070aa00000|  0%| F|  |TAMS 0x000000070a800000, 0x000000070a800000| Untracked 
|  51|0x000000070aa00000, 0x000000070aa00000, 0x000000070ac00000|  0%| F|  |TAMS 0x000000070aa00000, 0x000000070aa00000| Untracked 
|  52|0x000000070ac00000, 0x000000070ac00000, 0x000000070ae00000|  0%| F|  |TAMS 0x000000070ac00000, 0x000000070ac00000| Untracked 
|  53|0x000000070ae00000, 0x000000070ae00000, 0x000000070b000000|  0%| F|  |TAMS 0x000000070ae00000, 0x000000070ae00000| Untracked 
|  54|0x000000070b000000, 0x000000070b000000, 0x000000070b200000|  0%| F|  |TAMS 0x000000070b000000, 0x000000070b000000| Untracked 
|  55|0x000000070b200000, 0x000000070b200000, 0x000000070b400000|  0%| F|  |TAMS 0x000000070b200000, 0x000000070b200000| Untracked 
|  56|0x000000070b400000, 0x000000070b400000, 0x000000070b600000|  0%| F|  |TAMS 0x000000070b400000, 0x000000070b400000| Untracked 
|  57|0x000000070b600000, 0x000000070b600000, 0x000000070b800000|  0%| F|  |TAMS 0x000000070b600000, 0x000000070b600000| Untracked 
|  58|0x000000070b800000, 0x000000070b800000, 0x000000070ba00000|  0%| F|  |TAMS 0x000000070b800000, 0x000000070b800000| Untracked 
|  59|0x000000070ba00000, 0x000000070ba00000, 0x000000070bc00000|  0%| F|  |TAMS 0x000000070ba00000, 0x000000070ba00000| Untracked 
|  60|0x000000070bc00000, 0x000000070bc00000, 0x000000070be00000|  0%| F|  |TAMS 0x000000070bc00000, 0x000000070bc00000| Untracked 
|  61|0x000000070be00000, 0x000000070be00000, 0x000000070c000000|  0%| F|  |TAMS 0x000000070be00000, 0x000000070be00000| Untracked 
|  62|0x000000070c000000, 0x000000070c000000, 0x000000070c200000|  0%| F|  |TAMS 0x000000070c000000, 0x000000070c000000| Untracked 
|  63|0x000000070c200000, 0x000000070c200000, 0x000000070c400000|  0%| F|  |TAMS 0x000000070c200000, 0x000000070c200000| Untracked 
|  64|0x000000070c400000, 0x000000070c400000, 0x000000070c600000|  0%| F|  |TAMS 0x000000070c400000, 0x000000070c400000| Untracked 
|  65|0x000000070c600000, 0x000000070c600000, 0x000000070c800000|  0%| F|  |TAMS 0x000000070c600000, 0x000000070c600000| Untracked 
|  66|0x000000070c800000, 0x000000070c800000, 0x000000070ca00000|  0%| F|  |TAMS 0x000000070c800000, 0x000000070c800000| Untracked 
|  67|0x000000070ca00000, 0x000000070ca00000, 0x000000070cc00000|  0%| F|  |TAMS 0x000000070ca00000, 0x000000070ca00000| Untracked 
|  68|0x000000070cc00000, 0x000000070cc00000, 0x000000070ce00000|  0%| F|  |TAMS 0x000000070cc00000, 0x000000070cc00000| Untracked 
|  69|0x000000070ce00000, 0x000000070ce00000, 0x000000070d000000|  0%| F|  |TAMS 0x000000070ce00000, 0x000000070ce00000| Untracked 
|  70|0x000000070d000000, 0x000000070d000000, 0x000000070d200000|  0%| F|  |TAMS 0x000000070d000000, 0x000000070d000000| Untracked 
|  71|0x000000070d200000, 0x000000070d200000, 0x000000070d400000|  0%| F|  |TAMS 0x000000070d200000, 0x000000070d200000| Untracked 
|  72|0x000000070d400000, 0x000000070d400000, 0x000000070d600000|  0%| F|  |TAMS 0x000000070d400000, 0x000000070d400000| Untracked 
|  73|0x000000070d600000, 0x000000070d600000, 0x000000070d800000|  0%| F|  |TAMS 0x000000070d600000, 0x000000070d600000| Untracked 
|  74|0x000000070d800000, 0x000000070d800000, 0x000000070da00000|  0%| F|  |TAMS 0x000000070d800000, 0x000000070d800000| Untracked 
|  75|0x000000070da00000, 0x000000070da00000, 0x000000070dc00000|  0%| F|  |TAMS 0x000000070da00000, 0x000000070da00000| Untracked 
|  76|0x000000070dc00000, 0x000000070dc00000, 0x000000070de00000|  0%| F|  |TAMS 0x000000070dc00000, 0x000000070dc00000| Untracked 
|  77|0x000000070de00000, 0x000000070de00000, 0x000000070e000000|  0%| F|  |TAMS 0x000000070de00000, 0x000000070de00000| Untracked 
|  78|0x000000070e000000, 0x000000070e000000, 0x000000070e200000|  0%| F|  |TAMS 0x000000070e000000, 0x000000070e000000| Untracked 
|  79|0x000000070e200000, 0x000000070e200000, 0x000000070e400000|  0%| F|  |TAMS 0x000000070e200000, 0x000000070e200000| Untracked 
|  80|0x000000070e400000, 0x000000070e400000, 0x000000070e600000|  0%| F|  |TAMS 0x000000070e400000, 0x000000070e400000| Untracked 
|  81|0x000000070e600000, 0x000000070e600000, 0x000000070e800000|  0%| F|  |TAMS 0x000000070e600000, 0x000000070e600000| Untracked 
|  82|0x000000070e800000, 0x000000070e800000, 0x000000070ea00000|  0%| F|  |TAMS 0x000000070e800000, 0x000000070e800000| Untracked 
|  83|0x000000070ea00000, 0x000000070ea00000, 0x000000070ec00000|  0%| F|  |TAMS 0x000000070ea00000, 0x000000070ea00000| Untracked 
|  84|0x000000070ec00000, 0x000000070ec00000, 0x000000070ee00000|  0%| F|  |TAMS 0x000000070ec00000, 0x000000070ec00000| Untracked 
|  85|0x000000070ee00000, 0x000000070ee00000, 0x000000070f000000|  0%| F|  |TAMS 0x000000070ee00000, 0x000000070ee00000| Untracked 
|  86|0x000000070f000000, 0x000000070f000000, 0x000000070f200000|  0%| F|  |TAMS 0x000000070f000000, 0x000000070f000000| Untracked 
|  87|0x000000070f200000, 0x000000070f200000, 0x000000070f400000|  0%| F|  |TAMS 0x000000070f200000, 0x000000070f200000| Untracked 
|  88|0x000000070f400000, 0x000000070f400000, 0x000000070f600000|  0%| F|  |TAMS 0x000000070f400000, 0x000000070f400000| Untracked 
|  89|0x000000070f600000, 0x000000070f600000, 0x000000070f800000|  0%| F|  |TAMS 0x000000070f600000, 0x000000070f600000| Untracked 
|  90|0x000000070f800000, 0x000000070f800000, 0x000000070fa00000|  0%| F|  |TAMS 0x000000070f800000, 0x000000070f800000| Untracked 
|  91|0x000000070fa00000, 0x000000070fa00000, 0x000000070fc00000|  0%| F|  |TAMS 0x000000070fa00000, 0x000000070fa00000| Untracked 
|  92|0x000000070fc00000, 0x000000070fc00000, 0x000000070fe00000|  0%| F|  |TAMS 0x000000070fc00000, 0x000000070fc00000| Untracked 
|  93|0x000000070fe00000, 0x000000070fe00000, 0x0000000710000000|  0%| F|  |TAMS 0x000000070fe00000, 0x000000070fe00000| Untracked 
|  94|0x0000000710000000, 0x0000000710000000, 0x0000000710200000|  0%| F|  |TAMS 0x0000000710000000, 0x0000000710000000| Untracked 
|  95|0x0000000710200000, 0x0000000710200000, 0x0000000710400000|  0%| F|  |TAMS 0x0000000710200000, 0x0000000710200000| Untracked 
|  96|0x0000000710400000, 0x0000000710400000, 0x0000000710600000|  0%| F|  |TAMS 0x0000000710400000, 0x0000000710400000| Untracked 
|  97|0x0000000710600000, 0x0000000710600000, 0x0000000710800000|  0%| F|  |TAMS 0x0000000710600000, 0x0000000710600000| Untracked 
|  98|0x0000000710800000, 0x0000000710800000, 0x0000000710a00000|  0%| F|  |TAMS 0x0000000710800000, 0x0000000710800000| Untracked 
|  99|0x0000000710a00000, 0x0000000710a00000, 0x0000000710c00000|  0%| F|  |TAMS 0x0000000710a00000, 0x0000000710a00000| Untracked 
| 100|0x0000000710c00000, 0x0000000710c00000, 0x0000000710e00000|  0%| F|  |TAMS 0x0000000710c00000, 0x0000000710c00000| Untracked 
| 101|0x0000000710e00000, 0x0000000710e00000, 0x0000000711000000|  0%| F|  |TAMS 0x0000000710e00000, 0x0000000710e00000| Untracked 
| 102|0x0000000711000000, 0x0000000711000000, 0x0000000711200000|  0%| F|  |TAMS 0x0000000711000000, 0x0000000711000000| Untracked 
| 103|0x0000000711200000, 0x0000000711200000, 0x0000000711400000|  0%| F|  |TAMS 0x0000000711200000, 0x0000000711200000| Untracked 
| 104|0x0000000711400000, 0x0000000711400000, 0x0000000711600000|  0%| F|  |TAMS 0x0000000711400000, 0x0000000711400000| Untracked 
| 105|0x0000000711600000, 0x0000000711600000, 0x0000000711800000|  0%| F|  |TAMS 0x0000000711600000, 0x0000000711600000| Untracked 
| 106|0x0000000711800000, 0x0000000711800000, 0x0000000711a00000|  0%| F|  |TAMS 0x0000000711800000, 0x0000000711800000| Untracked 
| 107|0x0000000711a00000, 0x0000000711c00000, 0x0000000711c00000|100%| S|CS|TAMS 0x0000000711a00000, 0x0000000711a00000| Complete 
| 108|0x0000000711c00000, 0x0000000711c00000, 0x0000000711e00000|  0%| F|  |TAMS 0x0000000711c00000, 0x0000000711c00000| Untracked 
| 109|0x0000000711e00000, 0x0000000711e00000, 0x0000000712000000|  0%| F|  |TAMS 0x0000000711e00000, 0x0000000711e00000| Untracked 
| 110|0x0000000712000000, 0x0000000712000000, 0x0000000712200000|  0%| F|  |TAMS 0x0000000712000000, 0x0000000712000000| Untracked 
| 111|0x0000000712200000, 0x0000000712200000, 0x0000000712400000|  0%| F|  |TAMS 0x0000000712200000, 0x0000000712200000| Untracked 
| 112|0x0000000712400000, 0x0000000712400000, 0x0000000712600000|  0%| F|  |TAMS 0x0000000712400000, 0x0000000712400000| Untracked 
| 113|0x0000000712600000, 0x0000000712600000, 0x0000000712800000|  0%| F|  |TAMS 0x0000000712600000, 0x0000000712600000| Untracked 
| 114|0x0000000712800000, 0x0000000712800000, 0x0000000712a00000|  0%| F|  |TAMS 0x0000000712800000, 0x0000000712800000| Untracked 
| 115|0x0000000712a00000, 0x0000000712b00000, 0x0000000712c00000| 50%| E|  |TAMS 0x0000000712a00000, 0x0000000712a00000| Complete 
| 116|0x0000000712c00000, 0x0000000712e00000, 0x0000000712e00000|100%| E|CS|TAMS 0x0000000712c00000, 0x0000000712c00000| Complete 
| 117|0x0000000712e00000, 0x0000000713000000, 0x0000000713000000|100%| E|CS|TAMS 0x0000000712e00000, 0x0000000712e00000| Complete 
| 118|0x0000000713000000, 0x0000000713200000, 0x0000000713200000|100%| E|CS|TAMS 0x0000000713000000, 0x0000000713000000| Complete 
| 119|0x0000000713200000, 0x0000000713400000, 0x0000000713400000|100%| E|CS|TAMS 0x0000000713200000, 0x0000000713200000| Complete 
| 120|0x0000000713400000, 0x0000000713600000, 0x0000000713600000|100%| E|CS|TAMS 0x0000000713400000, 0x0000000713400000| Complete 
| 121|0x0000000713600000, 0x0000000713800000, 0x0000000713800000|100%| E|CS|TAMS 0x0000000713600000, 0x0000000713600000| Complete 
| 122|0x0000000713800000, 0x0000000713a00000, 0x0000000713a00000|100%| E|CS|TAMS 0x0000000713800000, 0x0000000713800000| Complete 
| 123|0x0000000713a00000, 0x0000000713c00000, 0x0000000713c00000|100%| E|CS|TAMS 0x0000000713a00000, 0x0000000713a00000| Complete 
| 124|0x0000000713c00000, 0x0000000713e00000, 0x0000000713e00000|100%| E|CS|TAMS 0x0000000713c00000, 0x0000000713c00000| Complete 
| 125|0x0000000713e00000, 0x0000000714000000, 0x0000000714000000|100%| E|CS|TAMS 0x0000000713e00000, 0x0000000713e00000| Complete 

Card table byte_map: [0x000002614b110000,0x000002614b8f0000] _byte_map_base: 0x00000261478ee000

Marking Bits (Prev, Next): (CMBitMap*) 0x00000261359e4c50, (CMBitMap*) 0x00000261359e4c90
 Prev Bits: [0x000002614c0d0000, 0x000002614ffc0000)
 Next Bits: [0x000002614ffc0000, 0x0000026153eb0000)

Polling page: 0x0000026135780000

Metaspace:

Usage:
  Non-class:     14.05 MB used.
      Class:      1.82 MB used.
       Both:     15.87 MB used.

Virtual space:
  Non-class space:       64.00 MB reserved,      14.12 MB ( 22%) committed,  1 nodes.
      Class space:        1.00 GB reserved,       1.94 MB ( <1%) committed,  1 nodes.
             Both:        1.06 GB reserved,      16.06 MB (  1%) committed. 

Chunk freelists:
   Non-Class:  976.00 KB
       Class:  14.08 MB
        Both:  15.03 MB

MaxMetaspaceSize: unlimited
CompressedClassSpaceSize: 1.00 GB
Initial GC threshold: 21.00 MB
Current GC threshold: 21.00 MB
CDS: on
MetaspaceReclaimPolicy: balanced
 - commit_granule_bytes: 65536.
 - commit_granule_words: 8192.
 - virtual_space_node_default_size: 8388608.
 - enlarge_chunks_in_place: 1.
 - new_chunks_are_fully_committed: 0.
 - uncommit_free_chunks: 1.
 - use_allocation_guard: 0.
 - handle_deallocations: 1.


Internal statistics:

num_allocs_failed_limit: 0.
num_arena_births: 188.
num_arena_deaths: 0.
num_vsnodes_births: 2.
num_vsnodes_deaths: 0.
num_space_committed: 257.
num_space_uncommitted: 0.
num_chunks_returned_to_freelist: 0.
num_chunks_taken_from_freelist: 600.
num_chunk_merges: 0.
num_chunk_splits: 391.
num_chunks_enlarged: 275.
num_inconsistent_stats: 0.

CodeHeap 'non-profiled nmethods': size=119168Kb used=714Kb max_used=714Kb free=118453Kb
 bounds [0x0000026142510000, 0x0000026142780000, 0x0000026149970000]
CodeHeap 'profiled nmethods': size=119104Kb used=3796Kb max_used=3796Kb free=115308Kb
 bounds [0x000002613a970000, 0x000002613ad30000, 0x0000026141dc0000]
CodeHeap 'non-nmethods': size=7488Kb used=2989Kb max_used=2999Kb free=4499Kb
 bounds [0x0000026141dc0000, 0x00000261420b0000, 0x0000026142510000]
 total_blobs=2491 nmethods=1957 adapters=443
 compilation: enabled
              stopped_count=0, restarted_count=0
 full_count=0

Compilation events (20 events):
Event: 1.051 Thread 0x00000261568ca010 nmethod 1846 0x000002613acdc610 code [0x000002613acdc7c0, 0x000002613acdc998]
Event: 1.051 Thread 0x0000026198179770 nmethod 1845 0x000002613acdca90 code [0x000002613acdcc40, 0x000002613acdcec8]
Event: 1.052 Thread 0x0000026198333b00 nmethod 1844 0x00000261425be690 code [0x00000261425be820, 0x00000261425beaa8]
Event: 1.053 Thread 0x0000026198333b00 1847       4       java.lang.StringUTF16::compress (20 bytes)
Event: 1.054 Thread 0x0000026198333b00 nmethod 1847 0x00000261425bec90 code [0x00000261425bee20, 0x00000261425bf058]
Event: 1.054 Thread 0x0000026198333b00 1848       4       java.lang.String::getBytes (46 bytes)
Event: 1.056 Thread 0x0000026198333b00 nmethod 1848 0x00000261425bf110 code [0x00000261425bf2a0, 0x00000261425bf5b8]
Event: 1.064 Thread 0x00000261568ca010 1849       3       java.util.HashMap::hash (20 bytes)
Event: 1.064 Thread 0x0000026198333b00 1850       4       java.lang.StringLatin1::getChars (12 bytes)
Event: 1.065 Thread 0x00000261568ca010 nmethod 1849 0x000002613acdd010 code [0x000002613acdd1c0, 0x000002613acdd3c8]
Event: 1.065 Thread 0x0000026198333b00 nmethod 1850 0x00000261425bf710 code [0x00000261425bf880, 0x00000261425bfa18]
Event: 1.066 Thread 0x0000026198179770 1851   !   3       java.util.regex.Pattern::closure (276 bytes)
Event: 1.068 Thread 0x0000026198333b00 1852       4       java.lang.String::getChars (54 bytes)
Event: 1.069 Thread 0x0000026198179770 nmethod 1851 0x000002613acdd490 code [0x000002613acdd8c0, 0x000002613acdf628]
Event: 1.070 Thread 0x0000026198179770 1853       3       java.util.HashMap::getNode (150 bytes)
Event: 1.070 Thread 0x0000026198333b00 nmethod 1852 0x00000261425bfb10 code [0x00000261425bfca0, 0x00000261425c0038]
Event: 1.070 Thread 0x0000026198333b00 1854       4       java.net.URLStreamHandler::parseURL (1201 bytes)
Event: 1.070 Thread 0x0000026198179770 nmethod 1853 0x000002613ace0090 code [0x000002613ace02c0, 0x000002613ace0e98]
Event: 1.071 Thread 0x0000026198179770 1855   !   3       java.util.concurrent.ConcurrentHashMap::transfer (849 bytes)
Event: 1.074 Thread 0x0000026198179770 nmethod 1855 0x000002613ace1290 code [0x000002613ace1700, 0x000002613ace3fb8]

GC Heap History (4 events):
Event: 0.387 GC heap before
{Heap before GC invocations=0 (full 0):
 garbage-first heap   total 258048K, used 20480K [0x0000000704400000, 0x0000000800000000)
  region size 2048K, 11 young (22528K), 0 survivors (0K)
 Metaspace       used 3854K, committed 4032K, reserved 1114112K
  class space    used 292K, committed 384K, reserved 1048576K
}
Event: 0.391 GC heap after
{Heap after GC invocations=1 (full 0):
 garbage-first heap   total 258048K, used 3554K [0x0000000704400000, 0x0000000800000000)
  region size 2048K, 2 young (4096K), 2 survivors (4096K)
 Metaspace       used 3854K, committed 4032K, reserved 1114112K
  class space    used 292K, committed 384K, reserved 1048576K
}
Event: 0.787 GC heap before
{Heap before GC invocations=1 (full 0):
 garbage-first heap   total 258048K, used 36322K [0x0000000704400000, 0x0000000800000000)
  region size 2048K, 18 young (36864K), 2 survivors (4096K)
 Metaspace       used 11657K, committed 11904K, reserved 1114112K
  class space    used 1286K, committed 1408K, reserved 1048576K
}
Event: 0.792 GC heap after
{Heap after GC invocations=2 (full 0):
 garbage-first heap   total 258048K, used 5458K [0x0000000704400000, 0x0000000800000000)
  region size 2048K, 1 young (2048K), 1 survivors (2048K)
 Metaspace       used 11657K, committed 11904K, reserved 1114112K
  class space    used 1286K, committed 1408K, reserved 1048576K
}

Dll operation events (3 events):
Event: 0.013 Loaded shared library G:\jdk\bin\java.dll
Event: 0.015 Loaded shared library G:\jdk\bin\zip.dll
Event: 0.033 Loaded shared library G:\jdk\bin\jsvml.dll

Deoptimization events (20 events):
Event: 1.059 Thread 0x00000261359764a0 Uncommon trap: trap_request=0xffffff45 fr.pc=0x0000026142532a78 relative=0x00000000000000d8
Event: 1.059 Thread 0x00000261359764a0 Uncommon trap: reason=unstable_if action=reinterpret pc=0x0000026142532a78 method=java.util.HashMap.hash(Ljava/lang/Object;)I @ 1 c2
Event: 1.059 Thread 0x00000261359764a0 DEOPT PACKING pc=0x0000026142532a78 sp=0x000000bc353fd970
Event: 1.059 Thread 0x00000261359764a0 DEOPT UNPACKING pc=0x0000026141e169a3 sp=0x000000bc353fd8c0 mode 2
Event: 1.059 Thread 0x00000261359764a0 Uncommon trap: trap_request=0xffffff45 fr.pc=0x000002614259259c relative=0x000000000000009c
Event: 1.059 Thread 0x00000261359764a0 Uncommon trap: reason=unstable_if action=reinterpret pc=0x000002614259259c method=java.util.HashMap.hash(Ljava/lang/Object;)I @ 1 c2
Event: 1.059 Thread 0x00000261359764a0 DEOPT PACKING pc=0x000002614259259c sp=0x000000bc353fd990
Event: 1.059 Thread 0x00000261359764a0 DEOPT UNPACKING pc=0x0000026141e169a3 sp=0x000000bc353fd928 mode 2
Event: 1.067 Thread 0x00000261359764a0 Uncommon trap: trap_request=0xffffff45 fr.pc=0x0000026142558564 relative=0x00000000000005a4
Event: 1.067 Thread 0x00000261359764a0 Uncommon trap: reason=unstable_if action=reinterpret pc=0x0000026142558564 method=java.util.HashMap.hash(Ljava/lang/Object;)I @ 1 c2
Event: 1.067 Thread 0x00000261359764a0 DEOPT PACKING pc=0x0000026142558564 sp=0x000000bc353fd850
Event: 1.067 Thread 0x00000261359764a0 DEOPT UNPACKING pc=0x0000026141e169a3 sp=0x000000bc353fd728 mode 2
Event: 1.067 Thread 0x00000261359764a0 Uncommon trap: trap_request=0xffffff45 fr.pc=0x00000261425b77a8 relative=0x0000000000000568
Event: 1.067 Thread 0x00000261359764a0 Uncommon trap: reason=unstable_if action=reinterpret pc=0x00000261425b77a8 method=java.util.HashMap.hash(Ljava/lang/Object;)I @ 1 c2
Event: 1.067 Thread 0x00000261359764a0 DEOPT PACKING pc=0x00000261425b77a8 sp=0x000000bc353fd800
Event: 1.067 Thread 0x00000261359764a0 DEOPT UNPACKING pc=0x0000026141e169a3 sp=0x000000bc353fd728 mode 2
Event: 1.071 Thread 0x00000261359764a0 Uncommon trap: trap_request=0xffffff45 fr.pc=0x000002614257998c relative=0x000000000000152c
Event: 1.071 Thread 0x00000261359764a0 Uncommon trap: reason=unstable_if action=reinterpret pc=0x000002614257998c method=java.util.concurrent.ConcurrentHashMap.transfer([Ljava/util/concurrent/ConcurrentHashMap$Node;[Ljava/util/concurrent/ConcurrentHashMap$Node;)V @ 26 c2
Event: 1.071 Thread 0x00000261359764a0 DEOPT PACKING pc=0x000002614257998c sp=0x000000bc353f7bd0
Event: 1.071 Thread 0x00000261359764a0 DEOPT UNPACKING pc=0x0000026141e169a3 sp=0x000000bc353f7b60 mode 2

Classes loaded (20 events):
Event: 1.076 Loading class org/yaml/snakeyaml/tokens/TagToken
Event: 1.076 Loading class org/yaml/snakeyaml/tokens/TagToken done
Event: 1.077 Loading class org/yaml/snakeyaml/util/ArrayStack
Event: 1.077 Loading class org/yaml/snakeyaml/util/ArrayStack done
Event: 1.077 Loading class org/yaml/snakeyaml/error/Mark
Event: 1.077 Loading class org/yaml/snakeyaml/error/Mark done
Event: 1.077 Loading class org/yaml/snakeyaml/parser/VersionTagsTuple
Event: 1.077 Loading class org/yaml/snakeyaml/parser/VersionTagsTuple done
Event: 1.078 Loading class org/yaml/snakeyaml/parser/ParserImpl$ParseStreamStart
Event: 1.078 Loading class org/yaml/snakeyaml/parser/ParserImpl$ParseStreamStart done
Event: 1.078 Loading class org/yaml/snakeyaml/events/StreamStartEvent
Event: 1.078 Loading class org/yaml/snakeyaml/events/StreamStartEvent done
Event: 1.078 Loading class org/yaml/snakeyaml/comments/CommentEventsCollector
Event: 1.078 Loading class org/yaml/snakeyaml/comments/CommentEventsCollector done
Event: 1.078 Loading class org/yaml/snakeyaml/comments/CommentType
Event: 1.078 Loading class org/yaml/snakeyaml/comments/CommentType done
Event: 1.078 Loading class org/yaml/snakeyaml/comments/CommentEventsCollector$1
Event: 1.078 Loading class org/yaml/snakeyaml/comments/CommentEventsCollector$1 done
Event: 1.079 Loading class org/yaml/snakeyaml/parser/ParserImpl$ParseImplicitDocumentStart
Event: 1.079 Loading class org/yaml/snakeyaml/parser/ParserImpl$ParseImplicitDocumentStart done

Classes unloaded (0 events):
No events

Classes redefined (0 events):
No events

Internal exceptions (20 events):
Event: 0.487 Thread 0x00000261359764a0 Exception <a 'java/lang/IncompatibleClassChangeError'{0x00000007137ff798}: Found class java.lang.Object, but interface was expected> (0x00000007137ff798) 
thrown [s\src\hotspot\share\interpreter\linkResolver.cpp, line 838]
Event: 0.489 Thread 0x00000261359764a0 Exception <a 'java/lang/NoSuchMethodError'{0x00000007134392a0}: 'void java.lang.invoke.DirectMethodHandle$Holder.invokeSpecial(java.lang.Object, java.lang.Object, java.lang.Object)'> (0x00000007134392a0) 
thrown [s\src\hotspot\share\interpreter\linkResolver.cpp, line 771]
Event: 0.496 Thread 0x00000261359764a0 Exception <a 'java/lang/NoSuchMethodError'{0x000000071348b838}: 'java.lang.Object java.lang.invoke.DirectMethodHandle$Holder.newInvokeSpecial(java.lang.Object, java.lang.Object, java.lang.Object, int, java.lang.Object)'> (0x000000071348b838) 
thrown [s\src\hotspot\share\interpreter\linkResolver.cpp, line 771]
Event: 0.496 Thread 0x00000261359764a0 Exception <a 'java/lang/NoSuchMethodError'{0x00000007134936a0}: 'java.lang.Object java.lang.invoke.Invokers$Holder.linkToTargetMethod(java.lang.Object, java.lang.Object, int, java.lang.Object, java.lang.Object)'> (0x00000007134936a0) 
thrown [s\src\hotspot\share\interpreter\linkResolver.cpp, line 771]
Event: 0.515 Thread 0x00000261359764a0 Exception <a 'java/lang/NoSuchMethodError'{0x0000000713200a50}: 'int java.lang.invoke.DirectMethodHandle$Holder.invokeStaticInit(java.lang.Object, java.lang.Object)'> (0x0000000713200a50) 
thrown [s\src\hotspot\share\interpreter\linkResolver.cpp, line 771]
Event: 0.601 Thread 0x00000261568c50e0 Exception <a 'java/lang/NoSuchMethodError'{0x0000000712d69b90}: 'java.lang.Object java.lang.invoke.DirectMethodHandle$Holder.invokeStaticInit(java.lang.Object, java.lang.Object, int, int, int, int)'> (0x0000000712d69b90) 
thrown [s\src\hotspot\share\interpreter\linkResolver.cpp, line 771]
Event: 0.622 Thread 0x00000261359764a0 Exception <a 'java/lang/NoSuchMethodError'{0x00000007124d9ee0}: 'java.lang.Object java.lang.invoke.DirectMethodHandle$Holder.newInvokeSpecial(java.lang.Object, long, int, java.lang.Object)'> (0x00000007124d9ee0) 
thrown [s\src\hotspot\share\interpreter\linkResolver.cpp, line 771]
Event: 0.630 Thread 0x00000261359764a0 Exception <a 'java/lang/NoSuchMethodError'{0x000000071257aa78}: 'void java.lang.invoke.DirectMethodHandle$Holder.invokeStatic(java.lang.Object, java.lang.Object, java.lang.Object, java.lang.Object)'> (0x000000071257aa78) 
thrown [s\src\hotspot\share\interpreter\linkResolver.cpp, line 771]
Event: 0.631 Thread 0x00000261359764a0 Exception <a 'java/lang/NoSuchMethodError'{0x000000071257e9c8}: 'void java.lang.invoke.DirectMethodHandle$Holder.invokeStaticInit(java.lang.Object, java.lang.Object, java.lang.Object, java.lang.Object)'> (0x000000071257e9c8) 
thrown [s\src\hotspot\share\interpreter\linkResolver.cpp, line 771]
Event: 0.820 Thread 0x00000261359764a0 Exception <a 'java/lang/NoSuchMethodError'{0x0000000713efbd98}: 'java.lang.Object java.lang.invoke.DirectMethodHandle$Holder.newInvokeSpecial(java.lang.Object, java.lang.Object, java.lang.Object, java.lang.Object, java.lang.Object)'> (0x0000000713efbd98) 
thrown [s\src\hotspot\share\interpreter\linkResolver.cpp, line 771]
Event: 0.851 Thread 0x00000261359764a0 Exception <a 'java/lang/NoSuchMethodError'{0x0000000713a001f8}: 'int java.lang.invoke.DirectMethodHandle$Holder.invokeStaticInit(java.lang.Object, java.lang.Object, java.lang.Object)'> (0x0000000713a001f8) 
thrown [s\src\hotspot\share\interpreter\linkResolver.cpp, line 771]
Event: 0.885 Thread 0x00000261359764a0 Exception <a 'sun/nio/fs/WindowsException'{0x00000007138afeb8}> (0x00000007138afeb8) 
thrown [s\src\hotspot\share\prims\jni.cpp, line 531]
Event: 0.898 Thread 0x00000261359764a0 Exception <a 'sun/nio/fs/WindowsException'{0x000000071391d340}> (0x000000071391d340) 
thrown [s\src\hotspot\share\prims\jni.cpp, line 531]
Event: 0.918 Thread 0x00000261359764a0 Exception <a 'java/lang/NoSuchMethodError'{0x0000000713658cd8}: 'int java.lang.invoke.DirectMethodHandle$Holder.invokeInterface(java.lang.Object, java.lang.Object)'> (0x0000000713658cd8) 
thrown [s\src\hotspot\share\interpreter\linkResolver.cpp, line 771]
Event: 0.918 Thread 0x00000261359764a0 Exception <a 'java/lang/IncompatibleClassChangeError'{0x000000071365c268}: Found class java.lang.Object, but interface was expected> (0x000000071365c268) 
thrown [s\src\hotspot\share\interpreter\linkResolver.cpp, line 838]
Event: 0.920 Thread 0x00000261359764a0 Exception <a 'java/lang/NoSuchMethodError'{0x0000000713662e38}: 'void java.lang.invoke.DirectMethodHandle$Holder.invokeStatic(java.lang.Object, java.lang.Object)'> (0x0000000713662e38) 
thrown [s\src\hotspot\share\interpreter\linkResolver.cpp, line 771]
Event: 1.059 Thread 0x00000261359764a0 Implicit null exception at 0x00000261425329d8 to 0x0000026142532a6e
Event: 1.059 Thread 0x00000261359764a0 Implicit null exception at 0x000002614259250f to 0x000002614259258d
Event: 1.067 Thread 0x00000261359764a0 Implicit null exception at 0x000002614255801d to 0x0000026142558538
Event: 1.067 Thread 0x00000261359764a0 Implicit null exception at 0x00000261425b729a to 0x00000261425b777c

VM Operations (20 events):
Event: 0.138 Executing VM operation: ChangeBreakpoints
Event: 0.138 Executing VM operation: ChangeBreakpoints done
Event: 0.183 Executing VM operation: HandshakeAllThreads
Event: 0.183 Executing VM operation: HandshakeAllThreads done
Event: 0.308 Executing VM operation: HandshakeAllThreads
Event: 0.308 Executing VM operation: HandshakeAllThreads done
Event: 0.387 Executing VM operation: G1CollectForAllocation
Event: 0.391 Executing VM operation: G1CollectForAllocation done
Event: 0.429 Executing VM operation: HandshakeAllThreads
Event: 0.429 Executing VM operation: HandshakeAllThreads done
Event: 0.459 Executing VM operation: HandshakeAllThreads
Event: 0.459 Executing VM operation: HandshakeAllThreads done
Event: 0.460 Executing VM operation: HandshakeAllThreads
Event: 0.460 Executing VM operation: HandshakeAllThreads done
Event: 0.475 Executing VM operation: HandshakeAllThreads
Event: 0.475 Executing VM operation: HandshakeAllThreads done
Event: 0.787 Executing VM operation: G1CollectForAllocation
Event: 0.792 Executing VM operation: G1CollectForAllocation done
Event: 1.063 Executing VM operation: HandshakeAllThreads
Event: 1.063 Executing VM operation: HandshakeAllThreads done

Memory protections (0 events):
No events

Nmethod flushes (0 events):
No events

Events (20 events):
Event: 0.106 Thread 0x0000026198178850 Thread added: 0x0000026198179d40
Event: 0.110 Thread 0x0000026198178850 Thread added: 0x0000026198196580
Event: 0.116 Thread 0x00000261359764a0 Thread added: 0x00000261982bc8a0
Event: 0.117 Thread 0x00000261359764a0 Thread added: 0x00000261982b9660
Event: 0.117 Thread 0x00000261982bc8a0 Thread added: 0x000002619826af10
Event: 0.140 Loaded shared library G:\jdk\bin\instrument.dll
Event: 0.145 Loaded shared library G:\jdk\bin\net.dll
Event: 0.146 Loaded shared library G:\jdk\bin\nio.dll
Event: 0.148 Loaded shared library G:\jdk\bin\zip.dll
Event: 0.167 Thread 0x0000026198178850 Thread added: 0x0000026198333b00
Event: 0.181 Loaded shared library G:\jdk\bin\jimage.dll
Event: 0.243 Thread 0x00000261359764a0 Thread added: 0x00000261568c6f40
Event: 0.252 Thread 0x00000261359764a0 Thread added: 0x00000261568c6a30
Event: 0.397 Thread 0x00000261359764a0 Thread added: 0x00000261568c50e0
Event: 0.397 Thread 0x00000261359764a0 Thread added: 0x00000261568c55f0
Event: 0.397 Thread 0x00000261568c50e0 Thread added: 0x00000261568c7450
Event: 0.450 Loaded shared library G:\jdk\bin\sunmscapi.dll
Event: 0.607 Loaded shared library G:\jdk\bin\extnet.dll
Event: 0.643 Loaded shared library G:\jdk\bin\management.dll
Event: 0.646 Loaded shared library G:\jdk\bin\management_ext.dll


Dynamic libraries:
0x00007ff7bb8f0000 - 0x00007ff7bb8fa000 	G:\jdk\bin\java.exe
0x00007ffbf0df0000 - 0x00007ffbf1007000 	C:\Windows\SYSTEM32\ntdll.dll
0x00007ffbefce0000 - 0x00007ffbefda4000 	C:\Windows\System32\KERNEL32.DLL
0x00007ffbee440000 - 0x00007ffbee812000 	C:\Windows\System32\KERNELBASE.dll
0x00007ffbedf10000 - 0x00007ffbee021000 	C:\Windows\System32\ucrtbase.dll
0x00007ffbd3600000 - 0x00007ffbd361b000 	G:\jdk\bin\VCRUNTIME140.dll
0x00007ffbceb00000 - 0x00007ffbceb17000 	G:\jdk\bin\jli.dll
0x00007ffbefb20000 - 0x00007ffbefcd1000 	C:\Windows\System32\USER32.dll
0x00007ffbee170000 - 0x00007ffbee196000 	C:\Windows\System32\win32u.dll
0x00007ffbefab0000 - 0x00007ffbefad9000 	C:\Windows\System32\GDI32.dll
0x00007ffbee1a0000 - 0x00007ffbee2c3000 	C:\Windows\System32\gdi32full.dll
0x00007ffbee9e0000 - 0x00007ffbeea7a000 	C:\Windows\System32\msvcp_win.dll
0x00007ffbdb630000 - 0x00007ffbdb8cb000 	C:\Windows\WinSxS\amd64_microsoft.windows.common-controls_6595b64144ccf1df_6.0.22621.5547_none_27104afb73855772\COMCTL32.dll
0x00007ffbefdb0000 - 0x00007ffbefe57000 	C:\Windows\System32\msvcrt.dll
0x00007ffbefae0000 - 0x00007ffbefb11000 	C:\Windows\System32\IMM32.DLL
0x00007ffbd35f0000 - 0x00007ffbd35fc000 	G:\jdk\bin\vcruntime140_1.dll
0x00007ffb9dd60000 - 0x00007ffb9dded000 	G:\jdk\bin\msvcp140.dll
0x00007ffb81f30000 - 0x00007ffb82bbe000 	G:\jdk\bin\server\jvm.dll
0x00007ffbef350000 - 0x00007ffbef401000 	C:\Windows\System32\ADVAPI32.dll
0x00007ffbef410000 - 0x00007ffbef4b8000 	C:\Windows\System32\sechost.dll
0x00007ffbedee0000 - 0x00007ffbedf08000 	C:\Windows\System32\bcrypt.dll
0x00007ffbf0250000 - 0x00007ffbf0364000 	C:\Windows\System32\RPCRT4.dll
0x00007ffbf01d0000 - 0x00007ffbf0241000 	C:\Windows\System32\WS2_32.dll
0x00007ffbecd20000 - 0x00007ffbecd6d000 	C:\Windows\SYSTEM32\POWRPROF.dll
0x00007ffbdd490000 - 0x00007ffbdd49a000 	C:\Windows\SYSTEM32\VERSION.dll
0x00007ffbe1810000 - 0x00007ffbe1844000 	C:\Windows\SYSTEM32\WINMM.dll
0x00007ffbecd00000 - 0x00007ffbecd13000 	C:\Windows\SYSTEM32\UMPDC.dll
0x00007ffbecfc0000 - 0x00007ffbecfd8000 	C:\Windows\SYSTEM32\kernel.appcore.dll
0x00007ffbd3570000 - 0x00007ffbd357a000 	G:\jdk\bin\jimage.dll
0x00007ffbeb8d0000 - 0x00007ffbebb03000 	C:\Windows\SYSTEM32\DBGHELP.DLL
0x00007ffbeea80000 - 0x00007ffbeee13000 	C:\Windows\System32\combase.dll
0x00007ffbeff20000 - 0x00007ffbefff7000 	C:\Windows\System32\OLEAUT32.dll
0x00007ffbc11e0000 - 0x00007ffbc1212000 	C:\Windows\SYSTEM32\dbgcore.DLL
0x00007ffbee0f0000 - 0x00007ffbee16b000 	C:\Windows\System32\bcryptPrimitives.dll
0x00007ffbccb10000 - 0x00007ffbccb4b000 	G:\jdk\bin\jdwp.dll
0x00007ffbd0150000 - 0x00007ffbd015e000 	G:\jdk\bin\instrument.dll
0x00007ffbccc80000 - 0x00007ffbccca5000 	G:\jdk\bin\java.dll
0x00007ffbceae0000 - 0x00007ffbceaf8000 	G:\jdk\bin\zip.dll
0x00007ffb923d0000 - 0x00007ffb924a7000 	G:\jdk\bin\jsvml.dll
0x00007ffbf0420000 - 0x00007ffbf0cc2000 	C:\Windows\System32\SHELL32.dll
0x00007ffbee820000 - 0x00007ffbee95f000 	C:\Windows\System32\wintypes.dll
0x00007ffbebdd0000 - 0x00007ffbec6ed000 	C:\Windows\SYSTEM32\windows.storage.dll
0x00007ffbef240000 - 0x00007ffbef34c000 	C:\Windows\System32\SHCORE.dll
0x00007ffbefe60000 - 0x00007ffbefec9000 	C:\Windows\System32\shlwapi.dll
0x00007ffbede10000 - 0x00007ffbede3b000 	C:\Windows\SYSTEM32\profapi.dll
0x00007ffbe73a0000 - 0x00007ffbe73ac000 	G:\jdk\bin\dt_socket.dll
0x00007ffbeca00000 - 0x00007ffbeca2d000 	C:\Windows\SYSTEM32\IPHLPAPI.DLL
0x00007ffbed430000 - 0x00007ffbed499000 	C:\Windows\system32\mswsock.dll
0x00007ffbcd460000 - 0x00007ffbcd479000 	G:\jdk\bin\net.dll
0x00007ffbe3d30000 - 0x00007ffbe3e5c000 	C:\Windows\SYSTEM32\WINHTTP.dll
0x00007ffbccb90000 - 0x00007ffbccba6000 	G:\jdk\bin\nio.dll
0x00007ffbcc890000 - 0x00007ffbcc89e000 	G:\jdk\bin\sunmscapi.dll
0x00007ffbee2d0000 - 0x00007ffbee437000 	C:\Windows\System32\CRYPT32.dll
0x00007ffbed870000 - 0x00007ffbed89d000 	C:\Windows\SYSTEM32\ncrypt.dll
0x00007ffbed830000 - 0x00007ffbed867000 	C:\Windows\SYSTEM32\NTASN1.dll
0x00007ffb9c9e0000 - 0x00007ffb9c9e8000 	C:\Windows\system32\wshunix.dll
0x00007ffbed720000 - 0x00007ffbed73b000 	C:\Windows\SYSTEM32\CRYPTSP.dll
0x00007ffbecf20000 - 0x00007ffbecf57000 	C:\Windows\system32\rsaenh.dll
0x00007ffbed4d0000 - 0x00007ffbed4f8000 	C:\Windows\SYSTEM32\USERENV.dll
0x00007ffbed630000 - 0x00007ffbed63c000 	C:\Windows\SYSTEM32\CRYPTBASE.dll
0x00007ffbef940000 - 0x00007ffbef949000 	C:\Windows\System32\NSI.dll
0x00007ffbe2b20000 - 0x00007ffbe2b39000 	C:\Windows\SYSTEM32\dhcpcsvc6.DLL
0x00007ffbe1ae0000 - 0x00007ffbe1aff000 	C:\Windows\SYSTEM32\dhcpcsvc.DLL
0x00007ffbeca30000 - 0x00007ffbecb28000 	C:\Windows\SYSTEM32\DNSAPI.dll
0x00007ffbcc8a0000 - 0x00007ffbcc8a9000 	G:\jdk\bin\extnet.dll
0x00007ffbcd280000 - 0x00007ffbcd289000 	G:\jdk\bin\management.dll
0x00007ffbcc9c0000 - 0x00007ffbcc9cb000 	G:\jdk\bin\management_ext.dll
0x00007ffbf0da0000 - 0x00007ffbf0da8000 	C:\Windows\System32\PSAPI.DLL
0x00007ffbbacd0000 - 0x00007ffbbace7000 	C:\Windows\system32\napinsp.dll
0x00007ffbbac30000 - 0x00007ffbbac4b000 	C:\Windows\system32\pnrpnsp.dll
0x00007ffbbaad0000 - 0x00007ffbbaae1000 	C:\Windows\System32\winrnr.dll
0x00007ffbe12b0000 - 0x00007ffbe12cf000 	C:\Windows\system32\wshbth.dll
0x00007ffbbaaa0000 - 0x00007ffbbaac1000 	C:\Windows\system32\nlansp_c.dll
0x00007ffbe0c70000 - 0x00007ffbe0c7a000 	C:\Windows\System32\rasadhlp.dll
0x00007ffbda3a0000 - 0x00007ffbda424000 	C:\Windows\System32\fwpuclnt.dll

dbghelp: loaded successfully - version: 4.0.5 - missing functions: none
symbol engine: initialized successfully - sym options: 0x614 - pdb path: .;G:\jdk\bin;C:\Windows\SYSTEM32;C:\Windows\WinSxS\amd64_microsoft.windows.common-controls_6595b64144ccf1df_6.0.22621.5547_none_27104afb73855772;G:\jdk\bin\server

VM Arguments:
jvm_args: -agentlib:jdwp=transport=dt_socket,address=127.0.0.1:1411,suspend=y,server=n -javaagent:G:/.gradle/caches/modules-2/files-2.1/org.jetbrains.kotlinx/kotlinx-coroutines-core-jvm/1.7.3/2b09627576f0989a436a00a4a54b55fa5026fb86/kotlinx-coroutines-core-jvm-1.7.3.jar -javaagent:C:\Users\f2561\AppData\Local\JetBrains\IntelliJIdea2024.1\captureAgent\debugger-agent.jar=file:/C:/Users/f2561/AppData/Local/Temp/capture.props -Dfile.encoding=UTF-8 
java_command: top.r3944realms.ltdmanager.MainKt
java_class_path (initial): G:\QQBot\LTD-ManagerBot\build\classes\kotlin\main;G:\QQBot\LTD-ManagerBot\build\resources\main;G:\.gradle\caches\modules-2\files-2.1\org.jetbrains.exposed\exposed-jdbc\0.41.1\13aa3881ac29ae4890196d74812cfded1fae4b90\exposed-jdbc-0.41.1.jar;G:\.gradle\caches\modules-2\files-2.1\org.jetbrains.exposed\exposed-core\0.41.1\9beb750a4ebd55009dc9cb138f62adae21772c65\exposed-core-0.41.1.jar;G:\.gradle\caches\modules-2\files-2.1\org.jetbrains.kotlin\kotlin-stdlib\1.9.23\dbaadea1f5e68f790d242a91a38355a83ec38747\kotlin-stdlib-1.9.23.jar;G:\.gradle\caches\modules-2\files-2.1\com.mysql\mysql-connector-j\8.0.33\9e64d997873abc4318620264703d3fdb6b02dd5a\mysql-connector-j-8.0.33.jar;G:\.gradle\caches\modules-2\files-2.1\com.zaxxer\HikariCP\5.0.1\a74c7f0a37046846e88d54f7cb6ea6d565c65f9c\HikariCP-5.0.1.jar;G:\.gradle\caches\modules-2\files-2.1\jakarta.mail\jakarta.mail-api\2.0.1\715ababc1fe0cf07844e4c97d0a8f27421c4c867\jakarta.mail-api-2.0.1.jar;G:\.gradle\caches\modules-2\files-2.1\com.sun.mail\jakarta.mail\2.0.1\96d3645f02a92bcc5e7ae1ff037151e44179f230\jakarta.mail-2.0.1.jar;G:\.gradle\caches\modules-2\files-2.1\org.apache.logging.log4j\log4j-slf4j2-impl\2.20.0\155c8b9bbdac91d8461d9a403a646e6bd0d365d8\log4j-slf4j2-impl-2.20.0.jar;G:\.gradle\caches\modules-2\files-2.1\org.slf4j\slf4j-api\2.0.7\41eb7184ea9d556f23e18b5cb99cad1f8581fc00\slf4j-api-2.0.7.jar;G:\.gradle\caches\modules-2\files-2.1\org.apache.logging.log4j\log4j-core\2.20.0\eb2a9a47b1396e00b5eee1264296729a70565cc0\log4j-core-2.20.0.jar;G:\.gradle\caches\modules-2\files-2.1\org.apache.logging.log4j\log4j-api\2.20.0\1fe6082e660daf07c689a89c94dc0f49c26b44bb\log4j-api-2.20.0.jar;G:\.gradle\caches\modules-2\files-2.1\org.yaml\snakeyaml\2.4\e0666b825b796f85521f02360e77f4c92c5a7a07\snakeyaml-2.4.jar;G:\.gradle\caches\modules-2\files-2.1\org.snakeyaml\snakeyaml-engine\2.10\20f311f742d6894de0750b92414b3c27a40bb9d5\snakeyaml-engine-2.10.jar;G:\.gradle\caches\modules-2\files-2.1\com.typesafe\config\1.4.2\4c4
Launcher Type: SUN_STANDARD

[Global flags]
     intx CICompilerCount                          = 12                                        {product} {ergonomic}
     uint ConcGCThreads                            = 3                                         {product} {ergonomic}
     uint G1ConcRefinementThreads                  = 13                                        {product} {ergonomic}
   size_t G1HeapRegionSize                         = 2097152                                   {product} {ergonomic}
    uintx GCDrainStackTargetSize                   = 64                                        {product} {ergonomic}
   size_t InitialHeapSize                          = 264241152                                 {product} {ergonomic}
   size_t MarkStackSize                            = 4194304                                   {product} {ergonomic}
   size_t MaxHeapSize                              = 4223664128                                {product} {ergonomic}
   size_t MaxNewSize                               = 2533359616                                {product} {ergonomic}
   size_t MinHeapDeltaBytes                        = 2097152                                   {product} {ergonomic}
   size_t MinHeapSize                              = 8388608                                   {product} {ergonomic}
    uintx NonNMethodCodeHeapSize                   = 7602480                                {pd product} {ergonomic}
    uintx NonProfiledCodeHeapSize                  = 122027880                              {pd product} {ergonomic}
    uintx ProfiledCodeHeapSize                     = 122027880                              {pd product} {ergonomic}
    uintx ReservedCodeCacheSize                    = 251658240                              {pd product} {ergonomic}
     bool SegmentedCodeCache                       = true                                      {product} {ergonomic}
   size_t SoftMaxHeapSize                          = 4223664128                             {manageable} {ergonomic}
     bool UseCompressedClassPointers               = true                           {product lp64_product} {ergonomic}
     bool UseCompressedOops                        = true                           {product lp64_product} {ergonomic}
     bool UseG1GC                                  = true                                      {product} {ergonomic}
     bool UseLargePagesIndividualAllocation        = false                                  {pd product} {ergonomic}

Logging:
Log output configuration:
 #0: stdout all=warning uptime,level,tags
 #1: stderr all=off uptime,level,tags

Environment Variables:
JAVA_HOME=C:\Program Files\BellSoft\LibericaJDK-21\
PATH=G:\ImageMagick-7.1.1-Q16-HDRI;C:\Program Files\BellSoft\LibericaJDK-21\bin\;C:\Program Files\BellSoft\LibericaJDK-8\bin\;C:\Program Files (x86)\NVIDIA Corporation\PhysX\Common;C:\Program Files\Common Files\Oracle\Java\javapath;C:\Program Files\Eclipse Adoptium\jdk-21.0.1.12-hotspot\bin;D:\Vm\bin\;C:\Program Files\BellSoft\LibericaJDK-11\bin\;C:\Windows\system32;C:\Windows;C:\Windows\System32\Wbem;C:\Windows\System32\WindowsPowerShell\v1.0\;D:\mingw64\bin;C:\Windows\System32\OpenSSH\;C:\Program Files (x86)\NetSarang\Xshell 7\;C:\Program Files (x86)\Dev-Cpp\MinGW64\bin;D:\Hello!\netcat-win32-1.12\netcat;C:\Program Files\dotnet\;C:\Program Files\Microsoft SQL Server\130\Tools\Binn\;C:\Program Files\Microsoft SQL Server\Client SDK\ODBC\170\Tools\Binn\;C:\Program Files (x86)\Windows Kits\10\Windows Performance Toolkit\;C:\FPC\3.2.2\bin\i386-Win32;C:\Program Files\gsudo\Current;C:\Program Files\Git\cmd;C:\Program Files\Pandoc\;C:\Program Files (x86)\NetSarang\Xftp 8\;C:\Program Files (x86)\Microsoft SQL Server\160\Tools\Binn\;C:\Program Files\Microsoft SQL Server\160\Tools\Binn\;C:\Program Files\Microsoft SQL Server\160\DTS\Binn\;C:\Program Files (x86)\Microsoft SQL Server\160\DTS\Binn\;C:\ProgramData\chocolatey\bin;G:\apache-maven\apache-maven-3.9.9\bin;C:\Program Files\WireGuard\;G:\node\18\;C:\Program Files\WiX Toolset v6.0\bin\;C:\Users\f2561\AppData\Local\Microsoft\WindowsApps;C:\Users\f2561\AppData\Local\Programs\Microsoft VS Code\bin;C:\Users\f2561\AppData\Local\GitHubDesktop\bin;C:\Program Files\JetBrains\IntelliJ IDEA Community Edition 2023.3.6\bin;;D:\CLion 2024.1.1\bin;;C:\Program Files\CMake\bin;D:\Qt5.14.2\5.14.2\mingw73_64\bin;D:\Groovy\groovy-4.0.22\bin;;C:\Users\f2561\AppData\Local\Programs\oh-my-posh\bin;G:\IntelliJ IDEA 2024.2.4\bin;;C:\Users\f2561\AppData\Roaming\npm;C:\Program Files\OpenSSL-Win64\bin
USERNAME=f2561
OS=Windows_NT
PROCESSOR_IDENTIFIER=Intel64 Family 6 Model 186 Stepping 2, GenuineIntel
TMP=C:\Users\f2561\AppData\Local\Temp
TEMP=C:\Users\f2561\AppData\Local\Temp



Periodic native trim disabled

JNI global refs:
JNI global refs: 59, weak refs: 3464

JNI global refs memory usage: 1539, weak refs: 35417

Process memory usage:
Resident Set Size: 142304K (0% of 16495480K total physical memory with 899756K free physical memory)

OOME stack traces (most recent first):
Classloader memory used:
